<?xml version="1.0" encoding="UTF-8"?>
<!-- Generated by org.testng.reporters.JUnitXMLReporter -->
<testsuite ignored="5" hostname="Anil007-PC" failures="1" tests="1" name="Default test" time="31.693" errors="0" timestamp="2020-04-27T17:54:27 IST">
  <testcase classname="com.guru.test.BankHomePageTest" name="verifyHomePageTitleTest" time="0.022">
    <failure type="java.lang.AssertionError" message="Home page title matched expected [Guru99 Bank Home Page1] but found [Guru99 Bank Home Page]">
      <![CDATA[java.lang.AssertionError: Home page title matched expected [Guru99 Bank Home Page1] but found [Guru99 Bank Home Page]
at org.testng.Assert.fail(Assert.java:97)
at org.testng.Assert.assertEqualsImpl(Assert.java:136)
at org.testng.Assert.assertEquals(Assert.java:118)
at org.testng.Assert.assertEquals(Assert.java:575)
at com.guru.test.BankHomePageTest.verifyHomePageTitleTest(BankHomePageTest.java:41)
at java.base/jdk.internal.reflect.NativeMethodAccessorImpl.invoke0(Native Method)
at java.base/jdk.internal.reflect.NativeMethodAccessorImpl.invoke(NativeMethodAccessorImpl.java:62)
at java.base/jdk.internal.reflect.DelegatingMethodAccessorImpl.invoke(DelegatingMethodAccessorImpl.java:43)
at java.base/java.lang.reflect.Method.invoke(Method.java:567)
at org.testng.internal.MethodInvocationHelper.invokeMethod(MethodInvocationHelper.java:134)
at org.testng.internal.TestInvoker.invokeMethod(TestInvoker.java:597)
at org.testng.internal.TestInvoker.invokeTestMethod(TestInvoker.java:173)
at org.testng.internal.MethodRunner.runInSequence(MethodRunner.java:46)
at org.testng.internal.TestInvoker$MethodInvocationAgent.invoke(TestInvoker.java:816)
at org.testng.internal.TestInvoker.invokeTestMethods(TestInvoker.java:146)
at org.testng.internal.TestMethodWorker.invokeTestMethods(TestMethodWorker.java:146)
at org.testng.internal.TestMethodWorker.run(TestMethodWorker.java:128)
at java.base/java.util.ArrayList.forEach(ArrayList.java:1507)
at org.testng.TestRunner.privateRun(TestRunner.java:766)
at org.testng.TestRunner.run(TestRunner.java:587)
at org.testng.SuiteRunner.runTest(SuiteRunner.java:384)
at org.testng.SuiteRunner.runSequentially(SuiteRunner.java:378)
at org.testng.SuiteRunner.privateRun(SuiteRunner.java:337)
at org.testng.SuiteRunner.run(SuiteRunner.java:286)
at org.testng.SuiteRunnerWorker.runSuite(SuiteRunnerWorker.java:53)
at org.testng.SuiteRunnerWorker.run(SuiteRunnerWorker.java:96)
at org.testng.TestNG.runSuitesSequentially(TestNG.java:1187)
at org.testng.TestNG.runSuitesLocally(TestNG.java:1109)
at org.testng.TestNG.runSuites(TestNG.java:1039)
at org.testng.TestNG.run(TestNG.java:1007)
at org.testng.remote.AbstractRemoteTestNG.run(AbstractRemoteTestNG.java:115)
at org.testng.remote.RemoteTestNG.initAndRun(RemoteTestNG.java:251)
at org.testng.remote.RemoteTestNG.main(RemoteTestNG.java:77)
]]>
    </failure>
  </testcase> <!-- verifyHomePageTitleTest -->
  <testcase classname="com.guru.test.BankHomePageTest" name="VerifyGuruHeaderText" time="0.0">
    <ignored/>
  </testcase> <!-- VerifyGuruHeaderText -->
  <testcase classname="com.guru.test.BankHomePageTest" name="verifyGuruHeaderTest" time="0.0">
    <ignored/>
  </testcase> <!-- verifyGuruHeaderTest -->
  <testcase classname="com.guru.test.BankHomePageTest" name="verifyGuruLogoTest" time="0.0">
    <ignored/>
  </testcase> <!-- verifyGuruLogoTest -->
  <testcase classname="com.guru.test.BankHomePageTest" name="verifyLoginSectionwithIncorrectInfo" time="0.0">
    <ignored/>
  </testcase> <!-- verifyLoginSectionwithIncorrectInfo -->
  <testcase classname="com.guru.test.BankHomePageTest" name="verifyTheLoginSection" time="0.0">
    <ignored/>
  </testcase> <!-- verifyTheLoginSection -->
</testsuite> <!-- Default test -->
